[01m[K/home/yin-roc/1_Code/Ubuntu20.04/Workspace/qt_ros_ws/catkin_demo01_ws/src/demo01_Dir_Control/src/ros_node_1.cpp:[m[K In constructor ‘[01m[KROS_Node_1::ROS_Node_1(int, char**)[m[K’:
[01m[K/home/yin-roc/1_Code/Ubuntu20.04/Workspace/qt_ros_ws/catkin_demo01_ws/src/demo01_Dir_Control/src/ros_node_1.cpp:20:12:[m[K [01;31m[Kerror: [m[Kreturning a value from a constructor
   20 |     return [01;31m[K0[m[K;
      |            [01;31m[K^[m[K
make[2]: *** [CMakeFiles/demo01_Dir_Control.dir/build.make:89：CMakeFiles/demo01_Dir_Control.dir/src/ros_node_1.cpp.o] 错误 1
make[2]: *** 正在等待未完成的任务....
make[1]: *** [CMakeFiles/Makefile2:268：CMakeFiles/demo01_Dir_Control.dir/all] 错误 2
make: *** [Makefile:141：all] 错误 2
