[01m[K/home/yin-roc/1_Code/Ubuntu20.04/Workspace/qt_ros_ws/catkin_demo01_ws/src/demo01_Dir_Control/src/demo01_config_serial.cpp:56:6:[m[K [01;31m[Kerror: [m[Kno declaration matches ‘[01m[Kvoid demo01_Config_Serial::on_pushButton_open_serial_clicked()[m[K’
   56 | void [01;31m[Kdemo01_Config_Serial[m[K::on_pushButton_open_serial_clicked()
      |      [01;31m[K^~~~~~~~~~~~~~~~~~~~[m[K
[01m[K/home/yin-roc/1_Code/Ubuntu20.04/Workspace/qt_ros_ws/catkin_demo01_ws/src/demo01_Dir_Control/src/demo01_config_serial.cpp:56:6:[m[K [01;36m[Knote: [m[Kno functions named ‘[01m[Kvoid demo01_Config_Serial::on_pushButton_open_serial_clicked()[m[K’
In file included from [01m[K/home/yin-roc/1_Code/Ubuntu20.04/Workspace/qt_ros_ws/catkin_demo01_ws/src/demo01_Dir_Control/src/demo01_config_serial.cpp:1[m[K:
[01m[K/home/yin-roc/1_Code/Ubuntu20.04/Workspace/qt_ros_ws/catkin_demo01_ws/src/demo01_Dir_Control/src/demo01_config_serial.h:16:7:[m[K [01;36m[Knote: [m[K‘[01m[Kclass demo01_Config_Serial[m[K’ defined here
   16 | class [01;36m[Kdemo01_Config_Serial[m[K : public QWidget
      |       [01;36m[K^~~~~~~~~~~~~~~~~~~~[m[K
make[2]: *** [CMakeFiles/demo01_Dir_Control.dir/build.make:115：CMakeFiles/demo01_Dir_Control.dir/src/demo01_config_serial.cpp.o] 错误 1
make[2]: *** 正在等待未完成的任务....
make[1]: *** [CMakeFiles/Makefile2:268：CMakeFiles/demo01_Dir_Control.dir/all] 错误 2
make: *** [Makefile:141：all] 错误 2
