[01m[K/home/yin-roc/1_Code/Ubuntu20.04/Workspace/qt_ros_ws/catkin_demo01_ws/src/demo01_Dir_Control/src/ros_node_1.cpp:[m[K In constructor â€˜[01m[KROS_Node_1::ROS_Node_1(int, char**)[m[Kâ€™:
[01m[K/home/yin-roc/1_Code/Ubuntu20.04/Workspace/qt_ros_ws/catkin_demo01_ws/src/demo01_Dir_Control/src/ros_node_1.cpp:18:37:[m[K [01;31m[Kerror: [m[Kinvalid use of non-static data member â€˜[01m[KMainWindow::speed[m[Kâ€™
   18 |         vel_pub.publish(MainWindow::[01;31m[Kspeed[m[K);
      |                                     [01;31m[K^~~~~[m[K
In file included from [01m[K/home/yin-roc/1_Code/Ubuntu20.04/Workspace/qt_ros_ws/catkin_demo01_ws/src/demo01_Dir_Control/src/ros_node_1.cpp:5[m[K:
[01m[K/home/yin-roc/1_Code/Ubuntu20.04/Workspace/qt_ros_ws/catkin_demo01_ws/src/demo01_Dir_Control/src/mainwindow.h:20:26:[m[K [01;36m[Knote: [m[Kdeclared here
   20 |     geometry_msgs::Twist [01;36m[Kspeed[m[K;
      |                          [01;36m[K^~~~~[m[K
make[2]: *** [CMakeFiles/demo01_Dir_Control.dir/build.make:89ï¼šCMakeFiles/demo01_Dir_Control.dir/src/ros_node_1.cpp.o] é”™è¯¯ 1
make[1]: *** [CMakeFiles/Makefile2:268ï¼šCMakeFiles/demo01_Dir_Control.dir/all] é”™è¯¯ 2
make: *** [Makefile:141ï¼šall] é”™è¯¯ 2
