[01m[K/home/yin-roc/1_Code/Ubuntu20.04/Workspace/qt_ros_ws/catkin_demo01_ws/src/demo01_Dir_Control/src/mainwindow.cpp:[m[K In lambda function:
[01m[K/home/yin-roc/1_Code/Ubuntu20.04/Workspace/qt_ros_ws/catkin_demo01_ws/src/demo01_Dir_Control/src/mainwindow.cpp:11:9:[m[K [01;31m[Kerror: [m[Kâ€˜[01m[KROS_Node_1[m[Kâ€™ was not declared in this scope
   11 |         [01;31m[KROS_Node_1[m[K ros_node1(argc, argv);
      |         [01;31m[K^~~~~~~~~~[m[K
make[2]: *** [CMakeFiles/demo01_Dir_Control.dir/build.make:102ï¼šCMakeFiles/demo01_Dir_Control.dir/src/mainwindow.cpp.o] é”™è¯¯ 1
make[1]: *** [CMakeFiles/Makefile2:268ï¼šCMakeFiles/demo01_Dir_Control.dir/all] é”™è¯¯ 2
make: *** [Makefile:141ï¼šall] é”™è¯¯ 2
