[01m[K/home/yin-roc/1_Code/Ubuntu20.04/Workspace/qt_ros_ws/catkin_demo01_ws/src/demo01_Dir_Control/src/demo01_config_serial.cpp:[m[K In member function â€˜[01m[Kvoid demo01_Config_Serial::on_pushButton_send_clicked()[m[Kâ€™:
[01m[K/home/yin-roc/1_Code/Ubuntu20.04/Workspace/qt_ros_ws/catkin_demo01_ws/src/demo01_Dir_Control/src/demo01_config_serial.cpp:160:20:[m[K [01;31m[Kerror: [m[Kâ€˜[01m[Kclass Ui::demo01_Config_Serial[m[Kâ€™ has no member named â€˜[01m[KtextEdit_2[m[Kâ€™; did you mean â€˜[01m[KtextEdit_Send[m[Kâ€™?
  160 |     Sendtext = ui->[01;31m[KtextEdit_2[m[K->toPlainText();
      |                    [01;31m[K^~~~~~~~~~[m[K
      |                    [32m[KtextEdit_Send[m[K
make[2]: *** [CMakeFiles/demo01_Dir_Control.dir/build.make:115ï¼šCMakeFiles/demo01_Dir_Control.dir/src/demo01_config_serial.cpp.o] é”™è¯¯ 1
make[1]: *** [CMakeFiles/Makefile2:268ï¼šCMakeFiles/demo01_Dir_Control.dir/all] é”™è¯¯ 2
make: *** [Makefile:141ï¼šall] é”™è¯¯ 2
