In file included from [01m[K/home/yin-roc/1_Code/Ubuntu20.04/Workspace/qt_ros_ws/catkin_demo01_ws/src/demo01_Dir_Control/src/mainwindow.h:7[m[K,
                 from [01m[K/home/yin-roc/1_Code/Ubuntu20.04/Workspace/qt_ros_ws/catkin_demo01_ws/src/demo01_Dir_Control/src/main.cpp:1[m[K:
[01m[K/home/yin-roc/1_Code/Ubuntu20.04/Workspace/qt_ros_ws/catkin_demo01_ws/src/demo01_Dir_Control/src/ros_node_1.h:[m[K In function â€˜[01m[Kvoid onForwardButtonClicked()[m[Kâ€™:
[01m[K/home/yin-roc/1_Code/Ubuntu20.04/Workspace/qt_ros_ws/catkin_demo01_ws/src/demo01_Dir_Control/src/ros_node_1.h:30:5:[m[K [01;31m[Kerror: [m[Kâ€˜[01m[KrosController[m[Kâ€™ was not declared in this scope; did you mean â€˜[01m[KROSController[m[Kâ€™?
   30 |     [01;31m[KrosController[m[K.publishCommand(0.5, 0.0); // å‡è®¾å‘å‰ç§»åŠ¨é€Ÿåº¦ä¸º0.5ï¼Œè§’é€Ÿåº¦ä¸º0.0
      |     [01;31m[K^~~~~~~~~~~~~[m[K
      |     [32m[KROSController[m[K
[01m[K/home/yin-roc/1_Code/Ubuntu20.04/Workspace/qt_ros_ws/catkin_demo01_ws/src/demo01_Dir_Control/src/ros_node_1.h:[m[K In function â€˜[01m[Kvoid onBackwardButtonClicked()[m[Kâ€™:
[01m[K/home/yin-roc/1_Code/Ubuntu20.04/Workspace/qt_ros_ws/catkin_demo01_ws/src/demo01_Dir_Control/src/ros_node_1.h:34:5:[m[K [01;31m[Kerror: [m[Kâ€˜[01m[KrosController[m[Kâ€™ was not declared in this scope; did you mean â€˜[01m[KROSController[m[Kâ€™?
   34 |     [01;31m[KrosController[m[K.publishCommand(-0.5, 0.0); // å‡è®¾å‘åç§»åŠ¨é€Ÿåº¦ä¸º-0.5ï¼Œè§’é€Ÿåº¦ä¸º0.0
      |     [01;31m[K^~~~~~~~~~~~~[m[K
      |     [32m[KROSController[m[K
[01m[K/home/yin-roc/1_Code/Ubuntu20.04/Workspace/qt_ros_ws/catkin_demo01_ws/src/demo01_Dir_Control/src/ros_node_1.h:[m[K In function â€˜[01m[Kvoid onLeftButtonClicked()[m[Kâ€™:
[01m[K/home/yin-roc/1_Code/Ubuntu20.04/Workspace/qt_ros_ws/catkin_demo01_ws/src/demo01_Dir_Control/src/ros_node_1.h:38:5:[m[K [01;31m[Kerror: [m[Kâ€˜[01m[KrosController[m[Kâ€™ was not declared in this scope; did you mean â€˜[01m[KROSController[m[Kâ€™?
   38 |     [01;31m[KrosController[m[K.publishCommand(0.0, 0.5); // å‡è®¾å‘å·¦ç§»åŠ¨é€Ÿåº¦ä¸º0.0ï¼Œè§’é€Ÿåº¦ä¸º0.5
      |     [01;31m[K^~~~~~~~~~~~~[m[K
      |     [32m[KROSController[m[K
[01m[K/home/yin-roc/1_Code/Ubuntu20.04/Workspace/qt_ros_ws/catkin_demo01_ws/src/demo01_Dir_Control/src/ros_node_1.h:[m[K In function â€˜[01m[Kvoid onRightButtonClicked()[m[Kâ€™:
[01m[K/home/yin-roc/1_Code/Ubuntu20.04/Workspace/qt_ros_ws/catkin_demo01_ws/src/demo01_Dir_Control/src/ros_node_1.h:42:5:[m[K [01;31m[Kerror: [m[Kâ€˜[01m[KrosController[m[Kâ€™ was not declared in this scope; did you mean â€˜[01m[KROSController[m[Kâ€™?
   42 |     [01;31m[KrosController[m[K.publishCommand(0.0, -0.5); // å‡è®¾å‘å³ç§»åŠ¨é€Ÿåº¦ä¸º0.0ï¼Œè§’é€Ÿåº¦ä¸º-0.5
      |     [01;31m[K^~~~~~~~~~~~~[m[K
      |     [32m[KROSController[m[K
In file included from [01m[K/home/yin-roc/1_Code/Ubuntu20.04/Workspace/qt_ros_ws/catkin_demo01_ws/build/demo01_Dir_Control/demo01_Dir_Control_autogen/UVLADIE3JM/../../../../src/demo01_Dir_Control/src/mainwindow.h:7[m[K,
                 from [01m[K/home/yin-roc/1_Code/Ubuntu20.04/Workspace/qt_ros_ws/catkin_demo01_ws/build/demo01_Dir_Control/demo01_Dir_Control_autogen/UVLADIE3JM/moc_mainwindow.cpp:9[m[K,
                 from [01m[K/home/yin-roc/1_Code/Ubuntu20.04/Workspace/qt_ros_ws/catkin_demo01_ws/build/demo01_Dir_Control/demo01_Dir_Control_autogen/mocs_compilation.cpp:2[m[K:
[01m[K/home/yin-roc/1_Code/Ubuntu20.04/Workspace/qt_ros_ws/catkin_demo01_ws/build/demo01_Dir_Control/demo01_Dir_Control_autogen/UVLADIE3JM/../../../../src/demo01_Dir_Control/src/ros_node_1.h:[m[K In function â€˜[01m[Kvoid onForwardButtonClicked()[m[Kâ€™:
[01m[K/home/yin-roc/1_Code/Ubuntu20.04/Workspace/qt_ros_ws/catkin_demo01_ws/build/demo01_Dir_Control/demo01_Dir_Control_autogen/UVLADIE3JM/../../../../src/demo01_Dir_Control/src/ros_node_1.h:30:5:[m[K [01;31m[Kerror: [m[Kâ€˜[01m[KrosController[m[Kâ€™ was not declared in this scope; did you mean â€˜[01m[KROSController[m[Kâ€™?
   30 |     [01;31m[KrosController[m[K.publishCommand(0.5, 0.0); // å‡è®¾å‘å‰ç§»åŠ¨é€Ÿåº¦ä¸º0.5ï¼Œè§’é€Ÿåº¦ä¸º0.0
      |     [01;31m[K^~~~~~~~~~~~~[m[K
      |     [32m[KROSController[m[K
[01m[K/home/yin-roc/1_Code/Ubuntu20.04/Workspace/qt_ros_ws/catkin_demo01_ws/build/demo01_Dir_Control/demo01_Dir_Control_autogen/UVLADIE3JM/../../../../src/demo01_Dir_Control/src/ros_node_1.h:[m[K In function â€˜[01m[Kvoid onBackwardButtonClicked()[m[Kâ€™:
[01m[K/home/yin-roc/1_Code/Ubuntu20.04/Workspace/qt_ros_ws/catkin_demo01_ws/build/demo01_Dir_Control/demo01_Dir_Control_autogen/UVLADIE3JM/../../../../src/demo01_Dir_Control/src/ros_node_1.h:34:5:[m[K [01;31m[Kerror: [m[Kâ€˜[01m[KrosController[m[Kâ€™ was not declared in this scope; did you mean â€˜[01m[KROSController[m[Kâ€™?
   34 |     [01;31m[KrosController[m[K.publishCommand(-0.5, 0.0); // å‡è®¾å‘åç§»åŠ¨é€Ÿåº¦ä¸º-0.5ï¼Œè§’é€Ÿåº¦ä¸º0.0
      |     [01;31m[K^~~~~~~~~~~~~[m[K
      |     [32m[KROSController[m[K
[01m[K/home/yin-roc/1_Code/Ubuntu20.04/Workspace/qt_ros_ws/catkin_demo01_ws/build/demo01_Dir_Control/demo01_Dir_Control_autogen/UVLADIE3JM/../../../../src/demo01_Dir_Control/src/ros_node_1.h:[m[K In function â€˜[01m[Kvoid onLeftButtonClicked()[m[Kâ€™:
[01m[K/home/yin-roc/1_Code/Ubuntu20.04/Workspace/qt_ros_ws/catkin_demo01_ws/build/demo01_Dir_Control/demo01_Dir_Control_autogen/UVLADIE3JM/../../../../src/demo01_Dir_Control/src/ros_node_1.h:38:5:[m[K [01;31m[Kerror: [m[Kâ€˜[01m[KrosController[m[Kâ€™ was not declared in this scope; did you mean â€˜[01m[KROSController[m[Kâ€™?
   38 |     [01;31m[KrosController[m[K.publishCommand(0.0, 0.5); // å‡è®¾å‘å·¦ç§»åŠ¨é€Ÿåº¦ä¸º0.0ï¼Œè§’é€Ÿåº¦ä¸º0.5
      |     [01;31m[K^~~~~~~~~~~~~[m[K
      |     [32m[KROSController[m[K
[01m[K/home/yin-roc/1_Code/Ubuntu20.04/Workspace/qt_ros_ws/catkin_demo01_ws/build/demo01_Dir_Control/demo01_Dir_Control_autogen/UVLADIE3JM/../../../../src/demo01_Dir_Control/src/ros_node_1.h:[m[K In function â€˜[01m[Kvoid onRightButtonClicked()[m[Kâ€™:
[01m[K/home/yin-roc/1_Code/Ubuntu20.04/Workspace/qt_ros_ws/catkin_demo01_ws/build/demo01_Dir_Control/demo01_Dir_Control_autogen/UVLADIE3JM/../../../../src/demo01_Dir_Control/src/ros_node_1.h:42:5:[m[K [01;31m[Kerror: [m[Kâ€˜[01m[KrosController[m[Kâ€™ was not declared in this scope; did you mean â€˜[01m[KROSController[m[Kâ€™?
   42 |     [01;31m[KrosController[m[K.publishCommand(0.0, -0.5); // å‡è®¾å‘å³ç§»åŠ¨é€Ÿåº¦ä¸º0.0ï¼Œè§’é€Ÿåº¦ä¸º-0.5
      |     [01;31m[K^~~~~~~~~~~~~[m[K
      |     [32m[KROSController[m[K
In file included from [01m[K/home/yin-roc/1_Code/Ubuntu20.04/Workspace/qt_ros_ws/catkin_demo01_ws/src/demo01_Dir_Control/src/mainwindow.h:7[m[K,
                 from [01m[K/home/yin-roc/1_Code/Ubuntu20.04/Workspace/qt_ros_ws/catkin_demo01_ws/src/demo01_Dir_Control/src/mainwindow.cpp:1[m[K:
[01m[K/home/yin-roc/1_Code/Ubuntu20.04/Workspace/qt_ros_ws/catkin_demo01_ws/src/demo01_Dir_Control/src/ros_node_1.h:[m[K In function â€˜[01m[Kvoid onForwardButtonClicked()[m[Kâ€™:
[01m[K/home/yin-roc/1_Code/Ubuntu20.04/Workspace/qt_ros_ws/catkin_demo01_ws/src/demo01_Dir_Control/src/ros_node_1.h:30:5:[m[K [01;31m[Kerror: [m[Kâ€˜[01m[KrosController[m[Kâ€™ was not declared in this scope; did you mean â€˜[01m[KROSController[m[Kâ€™?
   30 |     [01;31m[KrosController[m[K.publishCommand(0.5, 0.0); // å‡è®¾å‘å‰ç§»åŠ¨é€Ÿåº¦ä¸º0.5ï¼Œè§’é€Ÿåº¦ä¸º0.0
      |     [01;31m[K^~~~~~~~~~~~~[m[K
      |     [32m[KROSController[m[K
[01m[K/home/yin-roc/1_Code/Ubuntu20.04/Workspace/qt_ros_ws/catkin_demo01_ws/src/demo01_Dir_Control/src/ros_node_1.h:[m[K In function â€˜[01m[Kvoid onBackwardButtonClicked()[m[Kâ€™:
[01m[K/home/yin-roc/1_Code/Ubuntu20.04/Workspace/qt_ros_ws/catkin_demo01_ws/src/demo01_Dir_Control/src/ros_node_1.h:34:5:[m[K [01;31m[Kerror: [m[Kâ€˜[01m[KrosController[m[Kâ€™ was not declared in this scope; did you mean â€˜[01m[KROSController[m[Kâ€™?
   34 |     [01;31m[KrosController[m[K.publishCommand(-0.5, 0.0); // å‡è®¾å‘åç§»åŠ¨é€Ÿåº¦ä¸º-0.5ï¼Œè§’é€Ÿåº¦ä¸º0.0
      |     [01;31m[K^~~~~~~~~~~~~[m[K
      |     [32m[KROSController[m[K
[01m[K/home/yin-roc/1_Code/Ubuntu20.04/Workspace/qt_ros_ws/catkin_demo01_ws/src/demo01_Dir_Control/src/main.cpp:[m[K In function â€˜[01m[Kint main(int, char**)[m[Kâ€™:
[01m[K/home/yin-roc/1_Code/Ubuntu20.04/Workspace/qt_ros_ws/catkin_demo01_ws/src/demo01_Dir_Control/src/main.cpp:12:16:[m[K [01;31m[Kerror: [m[Kno matching function for call to â€˜[01m[KMainWindow::MainWindow()[m[Kâ€™
   12 |     MainWindow [01;31m[Kw[m[K;
      |                [01;31m[K^[m[K
In file included from [01m[K/home/yin-roc/1_Code/Ubuntu20.04/Workspace/qt_ros_ws/catkin_demo01_ws/src/demo01_Dir_Control/src/main.cpp:1[m[K:
[01m[K/home/yin-roc/1_Code/Ubuntu20.04/Workspace/qt_ros_ws/catkin_demo01_ws/src/demo01_Dir_Control/src/mainwindow.h:18:14:[m[K [01;36m[Knote: [m[Kcandidate: â€˜[01m[KMainWindow::MainWindow(int, char**, QWidget*)[m[Kâ€™
   18 |     explicit [01;36m[KMainWindow[m[K(int argc, char** argv, QWidget *parent = nullptr);
      |              [01;36m[K^~~~~~~~~~[m[K
[01m[K/home/yin-roc/1_Code/Ubuntu20.04/Workspace/qt_ros_ws/catkin_demo01_ws/src/demo01_Dir_Control/src/mainwindow.h:18:14:[m[K [01;36m[Knote: [m[K  candidate expects 3 arguments, 0 provided
[01m[K/home/yin-roc/1_Code/Ubuntu20.04/Workspace/qt_ros_ws/catkin_demo01_ws/src/demo01_Dir_Control/src/ros_node_1.h:[m[K In function â€˜[01m[Kvoid onLeftButtonClicked()[m[Kâ€™:
[01m[K/home/yin-roc/1_Code/Ubuntu20.04/Workspace/qt_ros_ws/catkin_demo01_ws/src/demo01_Dir_Control/src/ros_node_1.h:38:5:[m[K [01;31m[Kerror: [m[Kâ€˜[01m[KrosController[m[Kâ€™ was not declared in this scope; did you mean â€˜[01m[KROSController[m[Kâ€™?
   38 |     [01;31m[KrosController[m[K.publishCommand(0.0, 0.5); // å‡è®¾å‘å·¦ç§»åŠ¨é€Ÿåº¦ä¸º0.0ï¼Œè§’é€Ÿåº¦ä¸º0.5
      |     [01;31m[K^~~~~~~~~~~~~[m[K
      |     [32m[KROSController[m[K
[01m[K/home/yin-roc/1_Code/Ubuntu20.04/Workspace/qt_ros_ws/catkin_demo01_ws/src/demo01_Dir_Control/src/ros_node_1.h:[m[K In function â€˜[01m[Kvoid onRightButtonClicked()[m[Kâ€™:
[01m[K/home/yin-roc/1_Code/Ubuntu20.04/Workspace/qt_ros_ws/catkin_demo01_ws/src/demo01_Dir_Control/src/ros_node_1.h:42:5:[m[K [01;31m[Kerror: [m[Kâ€˜[01m[KrosController[m[Kâ€™ was not declared in this scope; did you mean â€˜[01m[KROSController[m[Kâ€™?
   42 |     [01;31m[KrosController[m[K.publishCommand(0.0, -0.5); // å‡è®¾å‘å³ç§»åŠ¨é€Ÿåº¦ä¸º0.0ï¼Œè§’é€Ÿåº¦ä¸º-0.5
      |     [01;31m[K^~~~~~~~~~~~~[m[K
      |     [32m[KROSController[m[K
make[2]: *** [CMakeFiles/demo01_Dir_Control.dir/build.make:63ï¼šCMakeFiles/demo01_Dir_Control.dir/demo01_Dir_Control_autogen/mocs_compilation.cpp.o] é”™è¯¯ 1
make[2]: *** æ­£åœ¨ç­‰å¾…æœªå®Œæˆçš„ä»»åŠ¡....
make[2]: *** [CMakeFiles/demo01_Dir_Control.dir/build.make:76ï¼šCMakeFiles/demo01_Dir_Control.dir/src/main.cpp.o] é”™è¯¯ 1
make[2]: *** [CMakeFiles/demo01_Dir_Control.dir/build.make:102ï¼šCMakeFiles/demo01_Dir_Control.dir/src/mainwindow.cpp.o] é”™è¯¯ 1
make[1]: *** [CMakeFiles/Makefile2:268ï¼šCMakeFiles/demo01_Dir_Control.dir/all] é”™è¯¯ 2
make: *** [Makefile:141ï¼šall] é”™è¯¯ 2
