In file included from [01m[K/home/yin-roc/1_Code/Ubuntu20.04/Workspace/qt_ros_ws/catkin_demo01_ws/src/demo01_Dir_Control/src/mainwindow.h:7[m[K,
                 from [01m[K/home/yin-roc/1_Code/Ubuntu20.04/Workspace/qt_ros_ws/catkin_demo01_ws/src/demo01_Dir_Control/src/main.cpp:1[m[K:
[01m[K/home/yin-roc/1_Code/Ubuntu20.04/Workspace/qt_ros_ws/catkin_demo01_ws/src/demo01_Dir_Control/src/ros_node_1.h:[m[K In function ‘[01m[Kvoid onForwardButtonClicked()[m[K’:
[01m[K/home/yin-roc/1_Code/Ubuntu20.04/Workspace/qt_ros_ws/catkin_demo01_ws/src/demo01_Dir_Control/src/ros_node_1.h:30:5:[m[K [01;31m[Kerror: [m[K‘[01m[KrosController[m[K’ was not declared in this scope; did you mean ‘[01m[KROSController[m[K’?
   30 |     [01;31m[KrosController[m[K.publishCommand(0.5, 0.0); // 假设向前移动速度为0.5，角速度为0.0
      |     [01;31m[K^~~~~~~~~~~~~[m[K
      |     [32m[KROSController[m[K
[01m[K/home/yin-roc/1_Code/Ubuntu20.04/Workspace/qt_ros_ws/catkin_demo01_ws/src/demo01_Dir_Control/src/ros_node_1.h:[m[K In function ‘[01m[Kvoid onBackwardButtonClicked()[m[K’:
[01m[K/home/yin-roc/1_Code/Ubuntu20.04/Workspace/qt_ros_ws/catkin_demo01_ws/src/demo01_Dir_Control/src/ros_node_1.h:34:5:[m[K [01;31m[Kerror: [m[K‘[01m[KrosController[m[K’ was not declared in this scope; did you mean ‘[01m[KROSController[m[K’?
   34 |     [01;31m[KrosController[m[K.publishCommand(-0.5, 0.0); // 假设向后移动速度为-0.5，角速度为0.0
      |     [01;31m[K^~~~~~~~~~~~~[m[K
      |     [32m[KROSController[m[K
[01m[K/home/yin-roc/1_Code/Ubuntu20.04/Workspace/qt_ros_ws/catkin_demo01_ws/src/demo01_Dir_Control/src/ros_node_1.h:[m[K In function ‘[01m[Kvoid onLeftButtonClicked()[m[K’:
[01m[K/home/yin-roc/1_Code/Ubuntu20.04/Workspace/qt_ros_ws/catkin_demo01_ws/src/demo01_Dir_Control/src/ros_node_1.h:38:5:[m[K [01;31m[Kerror: [m[K‘[01m[KrosController[m[K’ was not declared in this scope; did you mean ‘[01m[KROSController[m[K’?
   38 |     [01;31m[KrosController[m[K.publishCommand(0.0, 0.5); // 假设向左移动速度为0.0，角速度为0.5
      |     [01;31m[K^~~~~~~~~~~~~[m[K
      |     [32m[KROSController[m[K
[01m[K/home/yin-roc/1_Code/Ubuntu20.04/Workspace/qt_ros_ws/catkin_demo01_ws/src/demo01_Dir_Control/src/ros_node_1.h:[m[K In function ‘[01m[Kvoid onRightButtonClicked()[m[K’:
[01m[K/home/yin-roc/1_Code/Ubuntu20.04/Workspace/qt_ros_ws/catkin_demo01_ws/src/demo01_Dir_Control/src/ros_node_1.h:42:5:[m[K [01;31m[Kerror: [m[K‘[01m[KrosController[m[K’ was not declared in this scope; did you mean ‘[01m[KROSController[m[K’?
   42 |     [01;31m[KrosController[m[K.publishCommand(0.0, -0.5); // 假设向右移动速度为0.0，角速度为-0.5
      |     [01;31m[K^~~~~~~~~~~~~[m[K
      |     [32m[KROSController[m[K
In file included from [01m[K/home/yin-roc/1_Code/Ubuntu20.04/Workspace/qt_ros_ws/catkin_demo01_ws/build/demo01_Dir_Control/demo01_Dir_Control_autogen/UVLADIE3JM/../../../../src/demo01_Dir_Control/src/mainwindow.h:7[m[K,
                 from [01m[K/home/yin-roc/1_Code/Ubuntu20.04/Workspace/qt_ros_ws/catkin_demo01_ws/build/demo01_Dir_Control/demo01_Dir_Control_autogen/UVLADIE3JM/moc_mainwindow.cpp:9[m[K,
                 from [01m[K/home/yin-roc/1_Code/Ubuntu20.04/Workspace/qt_ros_ws/catkin_demo01_ws/build/demo01_Dir_Control/demo01_Dir_Control_autogen/mocs_compilation.cpp:2[m[K:
[01m[K/home/yin-roc/1_Code/Ubuntu20.04/Workspace/qt_ros_ws/catkin_demo01_ws/build/demo01_Dir_Control/demo01_Dir_Control_autogen/UVLADIE3JM/../../../../src/demo01_Dir_Control/src/ros_node_1.h:[m[K In function ‘[01m[Kvoid onForwardButtonClicked()[m[K’:
[01m[K/home/yin-roc/1_Code/Ubuntu20.04/Workspace/qt_ros_ws/catkin_demo01_ws/build/demo01_Dir_Control/demo01_Dir_Control_autogen/UVLADIE3JM/../../../../src/demo01_Dir_Control/src/ros_node_1.h:30:5:[m[K [01;31m[Kerror: [m[K‘[01m[KrosController[m[K’ was not declared in this scope; did you mean ‘[01m[KROSController[m[K’?
   30 |     [01;31m[KrosController[m[K.publishCommand(0.5, 0.0); // 假设向前移动速度为0.5，角速度为0.0
      |     [01;31m[K^~~~~~~~~~~~~[m[K
      |     [32m[KROSController[m[K
[01m[K/home/yin-roc/1_Code/Ubuntu20.04/Workspace/qt_ros_ws/catkin_demo01_ws/build/demo01_Dir_Control/demo01_Dir_Control_autogen/UVLADIE3JM/../../../../src/demo01_Dir_Control/src/ros_node_1.h:[m[K In function ‘[01m[Kvoid onBackwardButtonClicked()[m[K’:
[01m[K/home/yin-roc/1_Code/Ubuntu20.04/Workspace/qt_ros_ws/catkin_demo01_ws/build/demo01_Dir_Control/demo01_Dir_Control_autogen/UVLADIE3JM/../../../../src/demo01_Dir_Control/src/ros_node_1.h:34:5:[m[K [01;31m[Kerror: [m[K‘[01m[KrosController[m[K’ was not declared in this scope; did you mean ‘[01m[KROSController[m[K’?
   34 |     [01;31m[KrosController[m[K.publishCommand(-0.5, 0.0); // 假设向后移动速度为-0.5，角速度为0.0
      |     [01;31m[K^~~~~~~~~~~~~[m[K
      |     [32m[KROSController[m[K
[01m[K/home/yin-roc/1_Code/Ubuntu20.04/Workspace/qt_ros_ws/catkin_demo01_ws/build/demo01_Dir_Control/demo01_Dir_Control_autogen/UVLADIE3JM/../../../../src/demo01_Dir_Control/src/ros_node_1.h:[m[K In function ‘[01m[Kvoid onLeftButtonClicked()[m[K’:
[01m[K/home/yin-roc/1_Code/Ubuntu20.04/Workspace/qt_ros_ws/catkin_demo01_ws/build/demo01_Dir_Control/demo01_Dir_Control_autogen/UVLADIE3JM/../../../../src/demo01_Dir_Control/src/ros_node_1.h:38:5:[m[K [01;31m[Kerror: [m[K‘[01m[KrosController[m[K’ was not declared in this scope; did you mean ‘[01m[KROSController[m[K’?
   38 |     [01;31m[KrosController[m[K.publishCommand(0.0, 0.5); // 假设向左移动速度为0.0，角速度为0.5
      |     [01;31m[K^~~~~~~~~~~~~[m[K
      |     [32m[KROSController[m[K
[01m[K/home/yin-roc/1_Code/Ubuntu20.04/Workspace/qt_ros_ws/catkin_demo01_ws/build/demo01_Dir_Control/demo01_Dir_Control_autogen/UVLADIE3JM/../../../../src/demo01_Dir_Control/src/ros_node_1.h:[m[K In function ‘[01m[Kvoid onRightButtonClicked()[m[K’:
[01m[K/home/yin-roc/1_Code/Ubuntu20.04/Workspace/qt_ros_ws/catkin_demo01_ws/build/demo01_Dir_Control/demo01_Dir_Control_autogen/UVLADIE3JM/../../../../src/demo01_Dir_Control/src/ros_node_1.h:42:5:[m[K [01;31m[Kerror: [m[K‘[01m[KrosController[m[K’ was not declared in this scope; did you mean ‘[01m[KROSController[m[K’?
   42 |     [01;31m[KrosController[m[K.publishCommand(0.0, -0.5); // 假设向右移动速度为0.0，角速度为-0.5
      |     [01;31m[K^~~~~~~~~~~~~[m[K
      |     [32m[KROSController[m[K
In file included from [01m[K/home/yin-roc/1_Code/Ubuntu20.04/Workspace/qt_ros_ws/catkin_demo01_ws/src/demo01_Dir_Control/src/mainwindow.h:7[m[K,
                 from [01m[K/home/yin-roc/1_Code/Ubuntu20.04/Workspace/qt_ros_ws/catkin_demo01_ws/src/demo01_Dir_Control/src/mainwindow.cpp:1[m[K:
[01m[K/home/yin-roc/1_Code/Ubuntu20.04/Workspace/qt_ros_ws/catkin_demo01_ws/src/demo01_Dir_Control/src/ros_node_1.h:[m[K In function ‘[01m[Kvoid onForwardButtonClicked()[m[K’:
[01m[K/home/yin-roc/1_Code/Ubuntu20.04/Workspace/qt_ros_ws/catkin_demo01_ws/src/demo01_Dir_Control/src/ros_node_1.h:30:5:[m[K [01;31m[Kerror: [m[K‘[01m[KrosController[m[K’ was not declared in this scope; did you mean ‘[01m[KROSController[m[K’?
   30 |     [01;31m[KrosController[m[K.publishCommand(0.5, 0.0); // 假设向前移动速度为0.5，角速度为0.0
      |     [01;31m[K^~~~~~~~~~~~~[m[K
      |     [32m[KROSController[m[K
[01m[K/home/yin-roc/1_Code/Ubuntu20.04/Workspace/qt_ros_ws/catkin_demo01_ws/src/demo01_Dir_Control/src/ros_node_1.h:[m[K In function ‘[01m[Kvoid onBackwardButtonClicked()[m[K’:
[01m[K/home/yin-roc/1_Code/Ubuntu20.04/Workspace/qt_ros_ws/catkin_demo01_ws/src/demo01_Dir_Control/src/ros_node_1.h:34:5:[m[K [01;31m[Kerror: [m[K‘[01m[KrosController[m[K’ was not declared in this scope; did you mean ‘[01m[KROSController[m[K’?
   34 |     [01;31m[KrosController[m[K.publishCommand(-0.5, 0.0); // 假设向后移动速度为-0.5，角速度为0.0
      |     [01;31m[K^~~~~~~~~~~~~[m[K
      |     [32m[KROSController[m[K
[01m[K/home/yin-roc/1_Code/Ubuntu20.04/Workspace/qt_ros_ws/catkin_demo01_ws/src/demo01_Dir_Control/src/main.cpp:[m[K In function ‘[01m[Kint main(int, char**)[m[K’:
[01m[K/home/yin-roc/1_Code/Ubuntu20.04/Workspace/qt_ros_ws/catkin_demo01_ws/src/demo01_Dir_Control/src/main.cpp:12:16:[m[K [01;31m[Kerror: [m[Kno matching function for call to ‘[01m[KMainWindow::MainWindow()[m[K’
   12 |     MainWindow [01;31m[Kw[m[K;
      |                [01;31m[K^[m[K
In file included from [01m[K/home/yin-roc/1_Code/Ubuntu20.04/Workspace/qt_ros_ws/catkin_demo01_ws/src/demo01_Dir_Control/src/main.cpp:1[m[K:
[01m[K/home/yin-roc/1_Code/Ubuntu20.04/Workspace/qt_ros_ws/catkin_demo01_ws/src/demo01_Dir_Control/src/mainwindow.h:18:14:[m[K [01;36m[Knote: [m[Kcandidate: ‘[01m[KMainWindow::MainWindow(int, char**, QWidget*)[m[K’
   18 |     explicit [01;36m[KMainWindow[m[K(int argc, char** argv, QWidget *parent = nullptr);
      |              [01;36m[K^~~~~~~~~~[m[K
[01m[K/home/yin-roc/1_Code/Ubuntu20.04/Workspace/qt_ros_ws/catkin_demo01_ws/src/demo01_Dir_Control/src/mainwindow.h:18:14:[m[K [01;36m[Knote: [m[K  candidate expects 3 arguments, 0 provided
[01m[K/home/yin-roc/1_Code/Ubuntu20.04/Workspace/qt_ros_ws/catkin_demo01_ws/src/demo01_Dir_Control/src/ros_node_1.h:[m[K In function ‘[01m[Kvoid onLeftButtonClicked()[m[K’:
[01m[K/home/yin-roc/1_Code/Ubuntu20.04/Workspace/qt_ros_ws/catkin_demo01_ws/src/demo01_Dir_Control/src/ros_node_1.h:38:5:[m[K [01;31m[Kerror: [m[K‘[01m[KrosController[m[K’ was not declared in this scope; did you mean ‘[01m[KROSController[m[K’?
   38 |     [01;31m[KrosController[m[K.publishCommand(0.0, 0.5); // 假设向左移动速度为0.0，角速度为0.5
      |     [01;31m[K^~~~~~~~~~~~~[m[K
      |     [32m[KROSController[m[K
[01m[K/home/yin-roc/1_Code/Ubuntu20.04/Workspace/qt_ros_ws/catkin_demo01_ws/src/demo01_Dir_Control/src/ros_node_1.h:[m[K In function ‘[01m[Kvoid onRightButtonClicked()[m[K’:
[01m[K/home/yin-roc/1_Code/Ubuntu20.04/Workspace/qt_ros_ws/catkin_demo01_ws/src/demo01_Dir_Control/src/ros_node_1.h:42:5:[m[K [01;31m[Kerror: [m[K‘[01m[KrosController[m[K’ was not declared in this scope; did you mean ‘[01m[KROSController[m[K’?
   42 |     [01;31m[KrosController[m[K.publishCommand(0.0, -0.5); // 假设向右移动速度为0.0，角速度为-0.5
      |     [01;31m[K^~~~~~~~~~~~~[m[K
      |     [32m[KROSController[m[K
make[2]: *** [CMakeFiles/demo01_Dir_Control.dir/build.make:63：CMakeFiles/demo01_Dir_Control.dir/demo01_Dir_Control_autogen/mocs_compilation.cpp.o] 错误 1
make[2]: *** 正在等待未完成的任务....
make[2]: *** [CMakeFiles/demo01_Dir_Control.dir/build.make:76：CMakeFiles/demo01_Dir_Control.dir/src/main.cpp.o] 错误 1
make[2]: *** [CMakeFiles/demo01_Dir_Control.dir/build.make:102：CMakeFiles/demo01_Dir_Control.dir/src/mainwindow.cpp.o] 错误 1
make[1]: *** [CMakeFiles/Makefile2:268：CMakeFiles/demo01_Dir_Control.dir/all] 错误 2
make: *** [Makefile:141：all] 错误 2
