[01m[K/home/yin-roc/1_Code/Ubuntu20.04/Workspace/qt_ros_ws/catkin_demo01_ws/src/demo01_Dir_Control/src/demo01_config_serial.cpp:56:6:[m[K [01;31m[Kerror: [m[Kno declaration matches â€˜[01m[Kvoid demo01_Config_Serial::on_pushButton_open_serial_clicked()[m[Kâ€™
   56 | void [01;31m[Kdemo01_Config_Serial[m[K::on_pushButton_open_serial_clicked()
      |      [01;31m[K^~~~~~~~~~~~~~~~~~~~[m[K
[01m[K/home/yin-roc/1_Code/Ubuntu20.04/Workspace/qt_ros_ws/catkin_demo01_ws/src/demo01_Dir_Control/src/demo01_config_serial.cpp:56:6:[m[K [01;36m[Knote: [m[Kno functions named â€˜[01m[Kvoid demo01_Config_Serial::on_pushButton_open_serial_clicked()[m[Kâ€™
In file included from [01m[K/home/yin-roc/1_Code/Ubuntu20.04/Workspace/qt_ros_ws/catkin_demo01_ws/src/demo01_Dir_Control/src/demo01_config_serial.cpp:1[m[K:
[01m[K/home/yin-roc/1_Code/Ubuntu20.04/Workspace/qt_ros_ws/catkin_demo01_ws/src/demo01_Dir_Control/src/demo01_config_serial.h:16:7:[m[K [01;36m[Knote: [m[Kâ€˜[01m[Kclass demo01_Config_Serial[m[Kâ€™ defined here
   16 | class [01;36m[Kdemo01_Config_Serial[m[K : public QWidget
      |       [01;36m[K^~~~~~~~~~~~~~~~~~~~[m[K
make[2]: *** [CMakeFiles/demo01_Dir_Control.dir/build.make:115ï¼šCMakeFiles/demo01_Dir_Control.dir/src/demo01_config_serial.cpp.o] é”™è¯¯ 1
make[2]: *** æ­£åœ¨ç­‰å¾…æœªå®Œæˆçš„ä»»åŠ¡....
make[1]: *** [CMakeFiles/Makefile2:268ï¼šCMakeFiles/demo01_Dir_Control.dir/all] é”™è¯¯ 2
make: *** [Makefile:141ï¼šall] é”™è¯¯ 2
