In file included from [01m[K/home/yin-roc/1_Code/Ubuntu20.04/Workspace/qt_ros_ws/catkin_demo01_ws/src/demo01_Dir_Control/src/mainwindow.cpp:1[m[K:
[01m[K/home/yin-roc/1_Code/Ubuntu20.04/Workspace/qt_ros_ws/catkin_demo01_ws/src/demo01_Dir_Control/src/mainwindow.h:25:5:[m[K [01;31m[Kerror: [m[K‘[01m[Kgeometry_msgs[m[K’ does not name a type
   25 |     [01;31m[Kgeometry_msgs[m[K::Twist speed;
      |     [01;31m[K^~~~~~~~~~~~~[m[K
In file included from [01m[K/home/yin-roc/1_Code/Ubuntu20.04/Workspace/qt_ros_ws/catkin_demo01_ws/src/demo01_Dir_Control/src/main.cpp:1[m[K:
[01m[K/home/yin-roc/1_Code/Ubuntu20.04/Workspace/qt_ros_ws/catkin_demo01_ws/src/demo01_Dir_Control/src/mainwindow.h:25:5:[m[K [01;31m[Kerror: [m[K‘[01m[Kgeometry_msgs[m[K’ does not name a type
   25 |     [01;31m[Kgeometry_msgs[m[K::Twist speed;
      |     [01;31m[K^~~~~~~~~~~~~[m[K
In file included from [01m[K/home/yin-roc/1_Code/Ubuntu20.04/Workspace/qt_ros_ws/catkin_demo01_ws/build/demo01_Dir_Control/demo01_Dir_Control_autogen/UVLADIE3JM/moc_mainwindow.cpp:9[m[K,
                 from [01m[K/home/yin-roc/1_Code/Ubuntu20.04/Workspace/qt_ros_ws/catkin_demo01_ws/build/demo01_Dir_Control/demo01_Dir_Control_autogen/mocs_compilation.cpp:2[m[K:
[01m[K/home/yin-roc/1_Code/Ubuntu20.04/Workspace/qt_ros_ws/catkin_demo01_ws/build/demo01_Dir_Control/demo01_Dir_Control_autogen/UVLADIE3JM/../../../../src/demo01_Dir_Control/src/mainwindow.h:25:5:[m[K [01;31m[Kerror: [m[K‘[01m[Kgeometry_msgs[m[K’ does not name a type
   25 |     [01;31m[Kgeometry_msgs[m[K::Twist speed;
      |     [01;31m[K^~~~~~~~~~~~~[m[K
make[2]: *** [CMakeFiles/demo01_Dir_Control.dir/build.make:63：CMakeFiles/demo01_Dir_Control.dir/demo01_Dir_Control_autogen/mocs_compilation.cpp.o] 错误 1
make[2]: *** 正在等待未完成的任务....
make[2]: *** [CMakeFiles/demo01_Dir_Control.dir/build.make:102：CMakeFiles/demo01_Dir_Control.dir/src/mainwindow.cpp.o] 错误 1
make[2]: *** [CMakeFiles/demo01_Dir_Control.dir/build.make:76：CMakeFiles/demo01_Dir_Control.dir/src/main.cpp.o] 错误 1
make[1]: *** [CMakeFiles/Makefile2:268：CMakeFiles/demo01_Dir_Control.dir/all] 错误 2
make: *** [Makefile:141：all] 错误 2
