[01m[K/home/yin-roc/1_Code/Ubuntu20.04/Workspace/qt_ros_ws/catkin_demo01_ws/src/demo01_Dir_Control/src/main.cpp:[m[K In function ‘[01m[Kint main(int, char**)[m[K’:
[01m[K/home/yin-roc/1_Code/Ubuntu20.04/Workspace/qt_ros_ws/catkin_demo01_ws/src/demo01_Dir_Control/src/main.cpp:13:16:[m[K [01;31m[Kerror: [m[Kno matching function for call to ‘[01m[KMainWindow::MainWindow()[m[K’
   13 |     MainWindow [01;31m[Kw[m[K;
      |                [01;31m[K^[m[K
In file included from [01m[K/home/yin-roc/1_Code/Ubuntu20.04/Workspace/qt_ros_ws/catkin_demo01_ws/src/demo01_Dir_Control/src/main.cpp:1[m[K:
[01m[K/home/yin-roc/1_Code/Ubuntu20.04/Workspace/qt_ros_ws/catkin_demo01_ws/src/demo01_Dir_Control/src/mainwindow.h:18:14:[m[K [01;36m[Knote: [m[Kcandidate: ‘[01m[KMainWindow::MainWindow(int, char**, QWidget*)[m[K’
   18 |     explicit [01;36m[KMainWindow[m[K(int argc, char** argv, QWidget *parent = nullptr);
      |              [01;36m[K^~~~~~~~~~[m[K
[01m[K/home/yin-roc/1_Code/Ubuntu20.04/Workspace/qt_ros_ws/catkin_demo01_ws/src/demo01_Dir_Control/src/mainwindow.h:18:14:[m[K [01;36m[Knote: [m[K  candidate expects 3 arguments, 0 provided
[01m[K/home/yin-roc/1_Code/Ubuntu20.04/Workspace/qt_ros_ws/catkin_demo01_ws/src/demo01_Dir_Control/src/mainwindow.cpp:[m[K In constructor ‘[01m[KMainWindow::MainWindow(int, char**, QWidget*)[m[K’:
[01m[K/home/yin-roc/1_Code/Ubuntu20.04/Workspace/qt_ros_ws/catkin_demo01_ws/src/demo01_Dir_Control/src/mainwindow.cpp:10:59:[m[K [01;31m[Kerror: [m[KISO C++ forbids taking the address of an unqualified or parenthesized non-static member function to form a pointer to member function.  Say ‘[01m[K&MainWindow::onForwardButtonClicked[m[K’ [[01;31m[K-fpermissive[m[K]
   10 |     connect(ui->pushButton, &QPushButton::clicked, this, &[01;31m[KonForwardButtonClicked[m[K);
      |                                                           [01;31m[K^~~~~~~~~~~~~~~~~~~~~~[m[K
[01m[K/home/yin-roc/1_Code/Ubuntu20.04/Workspace/qt_ros_ws/catkin_demo01_ws/src/demo01_Dir_Control/src/mainwindow.cpp:11:61:[m[K [01;31m[Kerror: [m[KISO C++ forbids taking the address of an unqualified or parenthesized non-static member function to form a pointer to member function.  Say ‘[01m[K&MainWindow::onBackwardButtonClicked[m[K’ [[01;31m[K-fpermissive[m[K]
   11 |     connect(ui->pushButton_4, &QPushButton::clicked, this, &[01;31m[KonBackwardButtonClicked[m[K);
      |                                                             [01;31m[K^~~~~~~~~~~~~~~~~~~~~~~[m[K
[01m[K/home/yin-roc/1_Code/Ubuntu20.04/Workspace/qt_ros_ws/catkin_demo01_ws/src/demo01_Dir_Control/src/mainwindow.cpp:12:61:[m[K [01;31m[Kerror: [m[KISO C++ forbids taking the address of an unqualified or parenthesized non-static member function to form a pointer to member function.  Say ‘[01m[K&MainWindow::onLeftButtonClicked[m[K’ [[01;31m[K-fpermissive[m[K]
   12 |     connect(ui->pushButton_2, &QPushButton::clicked, this, &[01;31m[KonLeftButtonClicked[m[K);
      |                                                             [01;31m[K^~~~~~~~~~~~~~~~~~~[m[K
[01m[K/home/yin-roc/1_Code/Ubuntu20.04/Workspace/qt_ros_ws/catkin_demo01_ws/src/demo01_Dir_Control/src/mainwindow.cpp:13:61:[m[K [01;31m[Kerror: [m[KISO C++ forbids taking the address of an unqualified or parenthesized non-static member function to form a pointer to member function.  Say ‘[01m[K&MainWindow::onRightButtonClicked[m[K’ [[01;31m[K-fpermissive[m[K]
   13 |     connect(ui->pushButton_3, &QPushButton::clicked, this, &[01;31m[KonRightButtonClicked[m[K);
      |                                                             [01;31m[K^~~~~~~~~~~~~~~~~~~~[m[K
[01m[K/home/yin-roc/1_Code/Ubuntu20.04/Workspace/qt_ros_ws/catkin_demo01_ws/src/demo01_Dir_Control/src/mainwindow.cpp:[m[K In function ‘[01m[Kvoid onForwardButtonClicked()[m[K’:
[01m[K/home/yin-roc/1_Code/Ubuntu20.04/Workspace/qt_ros_ws/catkin_demo01_ws/src/demo01_Dir_Control/src/mainwindow.cpp:23:5:[m[K [01;31m[Kerror: [m[K‘[01m[KrosController[m[K’ was not declared in this scope; did you mean ‘[01m[KROSController[m[K’?
   23 |     [01;31m[KrosController[m[K.publishCommand(0.5, 0.0); // 假设向前移动速度为0.5，角速度为0.0
      |     [01;31m[K^~~~~~~~~~~~~[m[K
      |     [32m[KROSController[m[K
[01m[K/home/yin-roc/1_Code/Ubuntu20.04/Workspace/qt_ros_ws/catkin_demo01_ws/src/demo01_Dir_Control/src/mainwindow.cpp:[m[K In function ‘[01m[Kvoid onBackwardButtonClicked()[m[K’:
[01m[K/home/yin-roc/1_Code/Ubuntu20.04/Workspace/qt_ros_ws/catkin_demo01_ws/src/demo01_Dir_Control/src/mainwindow.cpp:27:5:[m[K [01;31m[Kerror: [m[K‘[01m[KrosController[m[K’ was not declared in this scope; did you mean ‘[01m[KROSController[m[K’?
   27 |     [01;31m[KrosController[m[K.publishCommand(-0.5, 0.0); // 假设向后移动速度为-0.5，角速度为0.0
      |     [01;31m[K^~~~~~~~~~~~~[m[K
      |     [32m[KROSController[m[K
[01m[K/home/yin-roc/1_Code/Ubuntu20.04/Workspace/qt_ros_ws/catkin_demo01_ws/src/demo01_Dir_Control/src/mainwindow.cpp:[m[K In function ‘[01m[Kvoid onLeftButtonClicked()[m[K’:
[01m[K/home/yin-roc/1_Code/Ubuntu20.04/Workspace/qt_ros_ws/catkin_demo01_ws/src/demo01_Dir_Control/src/mainwindow.cpp:31:5:[m[K [01;31m[Kerror: [m[K‘[01m[KrosController[m[K’ was not declared in this scope; did you mean ‘[01m[KROSController[m[K’?
   31 |     [01;31m[KrosController[m[K.publishCommand(0.0, 0.5); // 假设向左移动速度为0.0，角速度为0.5
      |     [01;31m[K^~~~~~~~~~~~~[m[K
      |     [32m[KROSController[m[K
[01m[K/home/yin-roc/1_Code/Ubuntu20.04/Workspace/qt_ros_ws/catkin_demo01_ws/src/demo01_Dir_Control/src/mainwindow.cpp:[m[K In function ‘[01m[Kvoid onRightButtonClicked()[m[K’:
[01m[K/home/yin-roc/1_Code/Ubuntu20.04/Workspace/qt_ros_ws/catkin_demo01_ws/src/demo01_Dir_Control/src/mainwindow.cpp:35:5:[m[K [01;31m[Kerror: [m[K‘[01m[KrosController[m[K’ was not declared in this scope; did you mean ‘[01m[KROSController[m[K’?
   35 |     [01;31m[KrosController[m[K.publishCommand(0.0, -0.5); // 假设向右移动速度为0.0，角速度为-0.5
      |     [01;31m[K^~~~~~~~~~~~~[m[K
      |     [32m[KROSController[m[K
make[2]: *** [CMakeFiles/demo01_Dir_Control.dir/build.make:76：CMakeFiles/demo01_Dir_Control.dir/src/main.cpp.o] 错误 1
make[2]: *** 正在等待未完成的任务....
make[2]: *** [CMakeFiles/demo01_Dir_Control.dir/build.make:102：CMakeFiles/demo01_Dir_Control.dir/src/mainwindow.cpp.o] 错误 1
make[1]: *** [CMakeFiles/Makefile2:268：CMakeFiles/demo01_Dir_Control.dir/all] 错误 2
make: *** [Makefile:141：all] 错误 2
