[01m[K/home/yin-roc/1_Code/Ubuntu20.04/Workspace/qt_ros_ws/catkin_demo01_ws/src/demo01_Dir_Control/src/main.cpp:[m[K In function â€˜[01m[Kint main(int, char**)[m[Kâ€™:
[01m[K/home/yin-roc/1_Code/Ubuntu20.04/Workspace/qt_ros_ws/catkin_demo01_ws/src/demo01_Dir_Control/src/main.cpp:13:16:[m[K [01;31m[Kerror: [m[Kno matching function for call to â€˜[01m[KMainWindow::MainWindow()[m[Kâ€™
   13 |     MainWindow [01;31m[Kw[m[K;
      |                [01;31m[K^[m[K
In file included from [01m[K/home/yin-roc/1_Code/Ubuntu20.04/Workspace/qt_ros_ws/catkin_demo01_ws/src/demo01_Dir_Control/src/main.cpp:1[m[K:
[01m[K/home/yin-roc/1_Code/Ubuntu20.04/Workspace/qt_ros_ws/catkin_demo01_ws/src/demo01_Dir_Control/src/mainwindow.h:18:14:[m[K [01;36m[Knote: [m[Kcandidate: â€˜[01m[KMainWindow::MainWindow(int, char**, QWidget*)[m[Kâ€™
   18 |     explicit [01;36m[KMainWindow[m[K(int argc, char** argv, QWidget *parent = nullptr);
      |              [01;36m[K^~~~~~~~~~[m[K
[01m[K/home/yin-roc/1_Code/Ubuntu20.04/Workspace/qt_ros_ws/catkin_demo01_ws/src/demo01_Dir_Control/src/mainwindow.h:18:14:[m[K [01;36m[Knote: [m[K  candidate expects 3 arguments, 0 provided
[01m[K/home/yin-roc/1_Code/Ubuntu20.04/Workspace/qt_ros_ws/catkin_demo01_ws/src/demo01_Dir_Control/src/mainwindow.cpp:[m[K In constructor â€˜[01m[KMainWindow::MainWindow(int, char**, QWidget*)[m[Kâ€™:
[01m[K/home/yin-roc/1_Code/Ubuntu20.04/Workspace/qt_ros_ws/catkin_demo01_ws/src/demo01_Dir_Control/src/mainwindow.cpp:10:59:[m[K [01;31m[Kerror: [m[KISO C++ forbids taking the address of an unqualified or parenthesized non-static member function to form a pointer to member function.  Say â€˜[01m[K&MainWindow::onForwardButtonClicked[m[Kâ€™ [[01;31m[K-fpermissive[m[K]
   10 |     connect(ui->pushButton, &QPushButton::clicked, this, &[01;31m[KonForwardButtonClicked[m[K);
      |                                                           [01;31m[K^~~~~~~~~~~~~~~~~~~~~~[m[K
[01m[K/home/yin-roc/1_Code/Ubuntu20.04/Workspace/qt_ros_ws/catkin_demo01_ws/src/demo01_Dir_Control/src/mainwindow.cpp:11:61:[m[K [01;31m[Kerror: [m[KISO C++ forbids taking the address of an unqualified or parenthesized non-static member function to form a pointer to member function.  Say â€˜[01m[K&MainWindow::onBackwardButtonClicked[m[Kâ€™ [[01;31m[K-fpermissive[m[K]
   11 |     connect(ui->pushButton_4, &QPushButton::clicked, this, &[01;31m[KonBackwardButtonClicked[m[K);
      |                                                             [01;31m[K^~~~~~~~~~~~~~~~~~~~~~~[m[K
[01m[K/home/yin-roc/1_Code/Ubuntu20.04/Workspace/qt_ros_ws/catkin_demo01_ws/src/demo01_Dir_Control/src/mainwindow.cpp:12:61:[m[K [01;31m[Kerror: [m[KISO C++ forbids taking the address of an unqualified or parenthesized non-static member function to form a pointer to member function.  Say â€˜[01m[K&MainWindow::onLeftButtonClicked[m[Kâ€™ [[01;31m[K-fpermissive[m[K]
   12 |     connect(ui->pushButton_2, &QPushButton::clicked, this, &[01;31m[KonLeftButtonClicked[m[K);
      |                                                             [01;31m[K^~~~~~~~~~~~~~~~~~~[m[K
[01m[K/home/yin-roc/1_Code/Ubuntu20.04/Workspace/qt_ros_ws/catkin_demo01_ws/src/demo01_Dir_Control/src/mainwindow.cpp:13:61:[m[K [01;31m[Kerror: [m[KISO C++ forbids taking the address of an unqualified or parenthesized non-static member function to form a pointer to member function.  Say â€˜[01m[K&MainWindow::onRightButtonClicked[m[Kâ€™ [[01;31m[K-fpermissive[m[K]
   13 |     connect(ui->pushButton_3, &QPushButton::clicked, this, &[01;31m[KonRightButtonClicked[m[K);
      |                                                             [01;31m[K^~~~~~~~~~~~~~~~~~~~[m[K
[01m[K/home/yin-roc/1_Code/Ubuntu20.04/Workspace/qt_ros_ws/catkin_demo01_ws/src/demo01_Dir_Control/src/mainwindow.cpp:[m[K In function â€˜[01m[Kvoid onForwardButtonClicked()[m[Kâ€™:
[01m[K/home/yin-roc/1_Code/Ubuntu20.04/Workspace/qt_ros_ws/catkin_demo01_ws/src/demo01_Dir_Control/src/mainwindow.cpp:23:5:[m[K [01;31m[Kerror: [m[Kâ€˜[01m[KrosController[m[Kâ€™ was not declared in this scope; did you mean â€˜[01m[KROSController[m[Kâ€™?
   23 |     [01;31m[KrosController[m[K.publishCommand(0.5, 0.0); // å‡è®¾å‘å‰ç§»åŠ¨é€Ÿåº¦ä¸º0.5ï¼Œè§’é€Ÿåº¦ä¸º0.0
      |     [01;31m[K^~~~~~~~~~~~~[m[K
      |     [32m[KROSController[m[K
[01m[K/home/yin-roc/1_Code/Ubuntu20.04/Workspace/qt_ros_ws/catkin_demo01_ws/src/demo01_Dir_Control/src/mainwindow.cpp:[m[K In function â€˜[01m[Kvoid onBackwardButtonClicked()[m[Kâ€™:
[01m[K/home/yin-roc/1_Code/Ubuntu20.04/Workspace/qt_ros_ws/catkin_demo01_ws/src/demo01_Dir_Control/src/mainwindow.cpp:27:5:[m[K [01;31m[Kerror: [m[Kâ€˜[01m[KrosController[m[Kâ€™ was not declared in this scope; did you mean â€˜[01m[KROSController[m[Kâ€™?
   27 |     [01;31m[KrosController[m[K.publishCommand(-0.5, 0.0); // å‡è®¾å‘åç§»åŠ¨é€Ÿåº¦ä¸º-0.5ï¼Œè§’é€Ÿåº¦ä¸º0.0
      |     [01;31m[K^~~~~~~~~~~~~[m[K
      |     [32m[KROSController[m[K
[01m[K/home/yin-roc/1_Code/Ubuntu20.04/Workspace/qt_ros_ws/catkin_demo01_ws/src/demo01_Dir_Control/src/mainwindow.cpp:[m[K In function â€˜[01m[Kvoid onLeftButtonClicked()[m[Kâ€™:
[01m[K/home/yin-roc/1_Code/Ubuntu20.04/Workspace/qt_ros_ws/catkin_demo01_ws/src/demo01_Dir_Control/src/mainwindow.cpp:31:5:[m[K [01;31m[Kerror: [m[Kâ€˜[01m[KrosController[m[Kâ€™ was not declared in this scope; did you mean â€˜[01m[KROSController[m[Kâ€™?
   31 |     [01;31m[KrosController[m[K.publishCommand(0.0, 0.5); // å‡è®¾å‘å·¦ç§»åŠ¨é€Ÿåº¦ä¸º0.0ï¼Œè§’é€Ÿåº¦ä¸º0.5
      |     [01;31m[K^~~~~~~~~~~~~[m[K
      |     [32m[KROSController[m[K
[01m[K/home/yin-roc/1_Code/Ubuntu20.04/Workspace/qt_ros_ws/catkin_demo01_ws/src/demo01_Dir_Control/src/mainwindow.cpp:[m[K In function â€˜[01m[Kvoid onRightButtonClicked()[m[Kâ€™:
[01m[K/home/yin-roc/1_Code/Ubuntu20.04/Workspace/qt_ros_ws/catkin_demo01_ws/src/demo01_Dir_Control/src/mainwindow.cpp:35:5:[m[K [01;31m[Kerror: [m[Kâ€˜[01m[KrosController[m[Kâ€™ was not declared in this scope; did you mean â€˜[01m[KROSController[m[Kâ€™?
   35 |     [01;31m[KrosController[m[K.publishCommand(0.0, -0.5); // å‡è®¾å‘å³ç§»åŠ¨é€Ÿåº¦ä¸º0.0ï¼Œè§’é€Ÿåº¦ä¸º-0.5
      |     [01;31m[K^~~~~~~~~~~~~[m[K
      |     [32m[KROSController[m[K
make[2]: *** [CMakeFiles/demo01_Dir_Control.dir/build.make:76ï¼šCMakeFiles/demo01_Dir_Control.dir/src/main.cpp.o] é”™è¯¯ 1
make[2]: *** æ­£åœ¨ç­‰å¾…æœªå®Œæˆçš„ä»»åŠ¡....
make[2]: *** [CMakeFiles/demo01_Dir_Control.dir/build.make:102ï¼šCMakeFiles/demo01_Dir_Control.dir/src/mainwindow.cpp.o] é”™è¯¯ 1
make[1]: *** [CMakeFiles/Makefile2:268ï¼šCMakeFiles/demo01_Dir_Control.dir/all] é”™è¯¯ 2
make: *** [Makefile:141ï¼šall] é”™è¯¯ 2
