[01m[K/home/yin-roc/1_Code/Ubuntu20.04/Workspace/qt_ros_ws/catkin_demo02_ws/src/test_node/main.cpp:[m[K In function â€˜[01m[Kint main(int, char**)[m[Kâ€™:
[01m[K/home/yin-roc/1_Code/Ubuntu20.04/Workspace/qt_ros_ws/catkin_demo02_ws/src/test_node/main.cpp:8:5:[m[K [01;31m[Kerror: [m[Kâ€˜[01m[KMainWindow[m[Kâ€™ was not declared in this scope; did you mean â€˜[01m[KMainwindow[m[Kâ€™?
    8 |     [01;31m[KMainWindow[m[K w;
      |     [01;31m[K^~~~~~~~~~[m[K
      |     [32m[KMainwindow[m[K
[01m[K/home/yin-roc/1_Code/Ubuntu20.04/Workspace/qt_ros_ws/catkin_demo02_ws/src/test_node/main.cpp:9:5:[m[K [01;31m[Kerror: [m[Kâ€˜[01m[Kw[m[Kâ€™ was not declared in this scope
    9 |     [01;31m[Kw[m[K.show();
      |     [01;31m[K^[m[K
make[2]: *** [CMakeFiles/test_node.dir/build.make:76ï¼šCMakeFiles/test_node.dir/main.cpp.o] é”™è¯¯ 1
make[2]: *** æ­£åœ¨ç­‰å¾…æœªå®Œæˆçš„ä»»åŠ¡....
make[1]: *** [CMakeFiles/Makefile2:160ï¼šCMakeFiles/test_node.dir/all] é”™è¯¯ 2
make: *** [Makefile:141ï¼šall] é”™è¯¯ 2
