[01m[K/home/yin-roc/1_Code/Ubuntu20.04/Workspace/qt_ros_ws/catkin_demo02_ws/src/test_node/main.cpp:[m[K In function ‘[01m[Kint main(int, char**)[m[K’:
[01m[K/home/yin-roc/1_Code/Ubuntu20.04/Workspace/qt_ros_ws/catkin_demo02_ws/src/test_node/main.cpp:8:5:[m[K [01;31m[Kerror: [m[K‘[01m[KMainWindow[m[K’ was not declared in this scope; did you mean ‘[01m[KMainwindow[m[K’?
    8 |     [01;31m[KMainWindow[m[K w;
      |     [01;31m[K^~~~~~~~~~[m[K
      |     [32m[KMainwindow[m[K
[01m[K/home/yin-roc/1_Code/Ubuntu20.04/Workspace/qt_ros_ws/catkin_demo02_ws/src/test_node/main.cpp:9:5:[m[K [01;31m[Kerror: [m[K‘[01m[Kw[m[K’ was not declared in this scope
    9 |     [01;31m[Kw[m[K.show();
      |     [01;31m[K^[m[K
make[2]: *** [CMakeFiles/test_node.dir/build.make:76：CMakeFiles/test_node.dir/main.cpp.o] 错误 1
make[2]: *** 正在等待未完成的任务....
make[1]: *** [CMakeFiles/Makefile2:160：CMakeFiles/test_node.dir/all] 错误 2
make: *** [Makefile:141：all] 错误 2
