In file included from [01m[K/home/yin-roc/1_Code/Ubuntu20.04/Workspace/baidu_map_ws/src/baidu_map/src/mainwindow.cpp:1[m[K:
[01m[K/home/yin-roc/1_Code/Ubuntu20.04/Workspace/baidu_map_ws/src/baidu_map/src/mainwindow.h:25:5:[m[K [01;31m[Kerror: [m[K‘[01m[KQWebEnginePage[m[K’ does not name a type
   25 |     [01;31m[KQWebEnginePage[m[K *page;
      |     [01;31m[K^~~~~~~~~~~~~~[m[K
In file included from [01m[K/home/yin-roc/1_Code/Ubuntu20.04/Workspace/baidu_map_ws/build/baidu_map/baidu_map_autogen/UVLADIE3JM/moc_mainwindow.cpp:9[m[K,
                 from [01m[K/home/yin-roc/1_Code/Ubuntu20.04/Workspace/baidu_map_ws/build/baidu_map/baidu_map_autogen/mocs_compilation.cpp:2[m[K:
[01m[K/home/yin-roc/1_Code/Ubuntu20.04/Workspace/baidu_map_ws/src/baidu_map/src/mainwindow.h:25:5:[m[K [01;31m[Kerror: [m[K‘[01m[KQWebEnginePage[m[K’ does not name a type
   25 |     [01;31m[KQWebEnginePage[m[K *page;
      |     [01;31m[K^~~~~~~~~~~~~~[m[K
In file included from [01m[K/home/yin-roc/1_Code/Ubuntu20.04/Workspace/baidu_map_ws/src/baidu_map/src/main.cpp:1[m[K:
[01m[K/home/yin-roc/1_Code/Ubuntu20.04/Workspace/baidu_map_ws/src/baidu_map/src/mainwindow.h:25:5:[m[K [01;31m[Kerror: [m[K‘[01m[KQWebEnginePage[m[K’ does not name a type
   25 |     [01;31m[KQWebEnginePage[m[K *page;
      |     [01;31m[K^~~~~~~~~~~~~~[m[K
make[2]: *** [CMakeFiles/baidu_map.dir/build.make:63：CMakeFiles/baidu_map.dir/baidu_map_autogen/mocs_compilation.cpp.o] 错误 1
make[2]: *** 正在等待未完成的任务....
make[2]: *** [CMakeFiles/baidu_map.dir/build.make:89：CMakeFiles/baidu_map.dir/src/mainwindow.cpp.o] 错误 1
make[2]: *** [CMakeFiles/baidu_map.dir/build.make:76：CMakeFiles/baidu_map.dir/src/main.cpp.o] 错误 1
make[1]: *** [CMakeFiles/Makefile2:156：CMakeFiles/baidu_map.dir/all] 错误 2
make: *** [Makefile:141：all] 错误 2
